<?xml version="1.0" encoding="UTF-8"?>
<coverage generated="1697305031365" clover="3.2.0">
  <project timestamp="1697305031365" name="All files">
    <metrics statements="29" coveredstatements="12" conditionals="6" coveredconditionals="2" methods="10" coveredmethods="1" elements="45" coveredelements="15" complexity="0" loc="29" ncloc="29" packages="1" files="1" classes="1"/>
    <file name="Body.js" path="E:\namaste-react\src\components\Body.js">
      <metrics statements="29" coveredstatements="12" conditionals="6" coveredconditionals="2" methods="10" coveredmethods="1"/>
      <line num="10" count="1" type="stmt"/>
      <line num="11" count="3" type="stmt"/>
      <line num="12" count="2" type="stmt"/>
      <line num="14" count="2" type="stmt"/>
      <line num="16" count="2" type="stmt"/>
      <line num="18" count="2" type="stmt"/>
      <line num="20" count="2" type="stmt"/>
      <line num="21" count="0" type="stmt"/>
      <line num="24" count="2" type="stmt"/>
      <line num="25" count="0" type="stmt"/>
      <line num="29" count="0" type="stmt"/>
      <line num="31" count="0" type="stmt"/>
      <line num="33" count="0" type="stmt"/>
      <line num="37" count="0" type="stmt"/>
      <line num="42" count="2" type="stmt"/>
      <line num="44" count="2" type="cond" truecount="1" falsecount="1"/>
      <line num="45" count="0" type="stmt"/>
      <line num="52" count="2" type="stmt"/>
      <line num="54" count="2" type="cond" truecount="1" falsecount="1"/>
      <line num="65" count="0" type="stmt"/>
      <line num="71" count="0" type="stmt"/>
      <line num="73" count="0" type="stmt"/>
      <line num="74" count="0" type="stmt"/>
      <line num="77" count="0" type="stmt"/>
      <line num="87" count="0" type="stmt"/>
      <line num="88" count="0" type="stmt"/>
      <line num="90" count="0" type="stmt"/>
      <line num="102" count="0" type="stmt"/>
      <line num="108" count="0" type="stmt"/>
    </file>
  </project>
</coverage>
