<?xml version="1.0" encoding="UTF-8"?>
<coverage generated="1696765635695" clover="3.2.0">
  <project timestamp="1696765635696" name="All files">
    <metrics statements="37" coveredstatements="30" conditionals="6" coveredconditionals="3" methods="14" coveredmethods="7" elements="57" coveredelements="40" complexity="0" loc="37" ncloc="37" packages="2" files="8" classes="8"/>
    <package name="components">
      <metrics statements="18" coveredstatements="16" conditionals="6" coveredconditionals="3" methods="7" coveredmethods="5"/>
      <file name="Contact.js" path="E:\namaste-react\src\components\Contact.js">
        <metrics statements="3" coveredstatements="3" conditionals="0" coveredconditionals="0" methods="1" coveredmethods="1"/>
        <line num="5" count="1" type="stmt"/>
        <line num="6" count="2" type="stmt"/>
        <line num="7" count="2" type="stmt"/>
      </file>
      <file name="Header.js" path="E:\namaste-react\src\components\Header.js">
        <metrics statements="7" coveredstatements="7" conditionals="4" coveredconditionals="2" methods="3" coveredmethods="3"/>
        <line num="10" count="1" type="stmt"/>
        <line num="11" count="5" type="stmt"/>
        <line num="13" count="5" type="stmt"/>
        <line num="15" count="5" type="stmt"/>
        <line num="19" count="9" type="stmt"/>
        <line num="21" count="5" type="stmt"/>
        <line num="50" count="1" type="cond" truecount="1" falsecount="1"/>
      </file>
      <file name="RestaurantCard.js" path="E:\namaste-react\src\components\RestaurantCard.js">
        <metrics statements="8" coveredstatements="6" conditionals="2" coveredconditionals="1" methods="3" coveredmethods="1"/>
        <line num="4" count="1" type="stmt"/>
        <line num="5" count="2" type="stmt"/>
        <line num="6" count="2" type="stmt"/>
        <line num="15" count="2" type="stmt"/>
        <line num="17" count="2" type="stmt"/>
        <line num="50" count="1" type="stmt"/>
        <line num="51" count="0" type="stmt"/>
        <line num="52" count="0" type="stmt"/>
      </file>
    </package>
    <package name="utils">
      <metrics statements="19" coveredstatements="14" conditionals="0" coveredconditionals="0" methods="7" coveredmethods="2"/>
      <file name="UserContext.js" path="E:\namaste-react\src\utils\UserContext.js">
        <metrics statements="1" coveredstatements="1" conditionals="0" coveredconditionals="0" methods="0" coveredmethods="0"/>
        <line num="5" count="2" type="stmt"/>
      </file>
      <file name="appStore.js" path="E:\namaste-react\src\utils\appStore.js">
        <metrics statements="1" coveredstatements="1" conditionals="0" coveredconditionals="0" methods="0" coveredmethods="0"/>
        <line num="5" count="1" type="stmt"/>
      </file>
      <file name="cartSlice.js" path="E:\namaste-react\src\utils\cartSlice.js">
        <metrics statements="5" coveredstatements="2" conditionals="0" coveredconditionals="0" methods="3" coveredmethods="0"/>
        <line num="3" count="1" type="stmt"/>
        <line num="11" count="0" type="stmt"/>
        <line num="14" count="0" type="stmt"/>
        <line num="17" count="0" type="stmt"/>
        <line num="22" count="1" type="stmt"/>
      </file>
      <file name="constant.js" path="E:\namaste-react\src\utils\constant.js">
        <metrics statements="4" coveredstatements="4" conditionals="0" coveredconditionals="0" methods="0" coveredmethods="0"/>
        <line num="2" count="2" type="stmt"/>
        <line num="6" count="2" type="stmt"/>
        <line num="10" count="2" type="stmt"/>
        <line num="14" count="2" type="stmt"/>
      </file>
      <file name="useOnlineStatus.js" path="E:\namaste-react\src\utils\useOnlineStatus.js">
        <metrics statements="8" coveredstatements="6" conditionals="0" coveredconditionals="0" methods="4" coveredmethods="2"/>
        <line num="5" count="1" type="stmt"/>
        <line num="6" count="5" type="stmt"/>
        <line num="8" count="5" type="stmt"/>
        <line num="9" count="4" type="stmt"/>
        <line num="10" count="0" type="stmt"/>
        <line num="13" count="4" type="stmt"/>
        <line num="14" count="0" type="stmt"/>
        <line num="20" count="5" type="stmt"/>
      </file>
    </package>
  </project>
</coverage>
