{"E:\\namaste-react\\src\\components\\Contact.js": {"path":"E:\\namaste-react\\src\\components\\Contact.js","statementMap":{"0":{"start":{"line":5,"column":16},"end":{"line":30,"column":1}},"1":{"start":{"line":6,"column":29},"end":{"line":6,"column":52}},"2":{"start":{"line":7,"column":4},"end":{"line":29,"column":6}}},"fnMap":{"0":{"name":"(anonymous_0)","decl":{"start":{"line":5,"column":16},"end":{"line":5,"column":17}},"loc":{"start":{"line":5,"column":22},"end":{"line":30,"column":1}},"line":5}},"branchMap":{},"s":{"0":1,"1":2,"2":2},"f":{"0":2},"b":{},"_coverageSchema":"1a1c01bbd47fc00a2c39e90264f33305004495a9","hash":"39910858232e3e05196cd8c09a301b49427c4efc"}
,"E:\\namaste-react\\src\\components\\Header.js": {"path":"E:\\namaste-react\\src\\components\\Header.js","statementMap":{"0":{"start":{"line":10,"column":15},"end":{"line":63,"column":1}},"1":{"start":{"line":11,"column":40},"end":{"line":11,"column":57}},"2":{"start":{"line":13,"column":23},"end":{"line":13,"column":40}},"3":{"start":{"line":15,"column":27},"end":{"line":15,"column":50}},"4":{"start":{"line":20,"column":20},"end":{"line":20,"column":60}},"5":{"start":{"line":20,"column":43},"end":{"line":20,"column":59}},"6":{"start":{"line":22,"column":2},"end":{"line":62,"column":4}},"7":{"start":{"line":51,"column":14},"end":{"line":53,"column":43}}},"fnMap":{"0":{"name":"(anonymous_0)","decl":{"start":{"line":10,"column":15},"end":{"line":10,"column":16}},"loc":{"start":{"line":10,"column":21},"end":{"line":63,"column":1}},"line":10},"1":{"name":"(anonymous_1)","decl":{"start":{"line":20,"column":32},"end":{"line":20,"column":33}},"loc":{"start":{"line":20,"column":43},"end":{"line":20,"column":59}},"line":20},"2":{"name":"(anonymous_2)","decl":{"start":{"line":50,"column":21},"end":{"line":50,"column":22}},"loc":{"start":{"line":50,"column":27},"end":{"line":54,"column":13}},"line":50}},"branchMap":{"0":{"loc":{"start":{"line":30,"column":27},"end":{"line":30,"column":53}},"type":"cond-expr","locations":[{"start":{"line":30,"column":42},"end":{"line":30,"column":46}},{"start":{"line":30,"column":49},"end":{"line":30,"column":53}}],"line":30},"1":{"loc":{"start":{"line":51,"column":14},"end":{"line":53,"column":42}},"type":"cond-expr","locations":[{"start":{"line":52,"column":18},"end":{"line":52,"column":43}},{"start":{"line":53,"column":18},"end":{"line":53,"column":42}}],"line":51}},"s":{"0":1,"1":5,"2":5,"3":5,"4":5,"5":9,"6":5,"7":1},"f":{"0":5,"1":9,"2":1},"b":{"0":[5,0],"1":[1,0]},"_coverageSchema":"1a1c01bbd47fc00a2c39e90264f33305004495a9","hash":"8bda65e512420c7e301bea54b0b760336d930d2b"}
,"E:\\namaste-react\\src\\utils\\UserContext.js": {"path":"E:\\namaste-react\\src\\utils\\UserContext.js","statementMap":{"0":{"start":{"line":5,"column":20},"end":{"line":8,"column":2}}},"fnMap":{},"branchMap":{},"s":{"0":2},"f":{},"b":{},"_coverageSchema":"1a1c01bbd47fc00a2c39e90264f33305004495a9","hash":"604968feaaed396f934db61dc7cac28fc9fc9730"}
,"E:\\namaste-react\\src\\utils\\appStore.js": {"path":"E:\\namaste-react\\src\\utils\\appStore.js","statementMap":{"0":{"start":{"line":5,"column":17},"end":{"line":9,"column":2}}},"fnMap":{},"branchMap":{},"s":{"0":1},"f":{},"b":{},"_coverageSchema":"1a1c01bbd47fc00a2c39e90264f33305004495a9","hash":"a8bd9bc369ad04a82528fa909e9bfb2be1b9ad62"}
,"E:\\namaste-react\\src\\utils\\cartSlice.js": {"path":"E:\\namaste-react\\src\\utils\\cartSlice.js","statementMap":{"0":{"start":{"line":3,"column":18},"end":{"line":20,"column":2}},"1":{"start":{"line":11,"column":12},"end":{"line":11,"column":44}},"2":{"start":{"line":14,"column":12},"end":{"line":14,"column":29}},"3":{"start":{"line":17,"column":12},"end":{"line":17,"column":35}},"4":{"start":{"line":22,"column":50},"end":{"line":22,"column":67}}},"fnMap":{"0":{"name":"(anonymous_0)","decl":{"start":{"line":9,"column":17},"end":{"line":9,"column":18}},"loc":{"start":{"line":9,"column":36},"end":{"line":12,"column":9}},"line":9},"1":{"name":"(anonymous_1)","decl":{"start":{"line":13,"column":20},"end":{"line":13,"column":21}},"loc":{"start":{"line":13,"column":31},"end":{"line":15,"column":9}},"line":13},"2":{"name":"(anonymous_2)","decl":{"start":{"line":16,"column":19},"end":{"line":16,"column":20}},"loc":{"start":{"line":16,"column":30},"end":{"line":18,"column":9}},"line":16}},"branchMap":{},"s":{"0":1,"1":0,"2":0,"3":0,"4":1},"f":{"0":0,"1":0,"2":0},"b":{},"_coverageSchema":"1a1c01bbd47fc00a2c39e90264f33305004495a9","hash":"470696a5c4bac61163f75bf92b8255c209b4a2dc"}
,"E:\\namaste-react\\src\\utils\\constant.js": {"path":"E:\\namaste-react\\src\\utils\\constant.js","statementMap":{"0":{"start":{"line":2,"column":2},"end":{"line":2,"column":93}},"1":{"start":{"line":6,"column":2},"end":{"line":6,"column":136}},"2":{"start":{"line":10,"column":2},"end":{"line":10,"column":132}},"3":{"start":{"line":14,"column":4},"end":{"line":14,"column":77}}},"fnMap":{},"branchMap":{},"s":{"0":1,"1":1,"2":1,"3":1},"f":{},"b":{},"_coverageSchema":"1a1c01bbd47fc00a2c39e90264f33305004495a9","hash":"daa43dbf546cf08e067f50a62c6dda9760558bd3"}
,"E:\\namaste-react\\src\\utils\\useOnlineStatus.js": {"path":"E:\\namaste-react\\src\\utils\\useOnlineStatus.js","statementMap":{"0":{"start":{"line":5,"column":24},"end":{"line":21,"column":1}},"1":{"start":{"line":6,"column":44},"end":{"line":6,"column":58}},"2":{"start":{"line":8,"column":4},"end":{"line":16,"column":10}},"3":{"start":{"line":9,"column":8},"end":{"line":11,"column":10}},"4":{"start":{"line":10,"column":12},"end":{"line":10,"column":34}},"5":{"start":{"line":13,"column":8},"end":{"line":15,"column":10}},"6":{"start":{"line":14,"column":13},"end":{"line":14,"column":35}},"7":{"start":{"line":20,"column":4},"end":{"line":20,"column":24}}},"fnMap":{"0":{"name":"(anonymous_0)","decl":{"start":{"line":5,"column":24},"end":{"line":5,"column":25}},"loc":{"start":{"line":5,"column":30},"end":{"line":21,"column":1}},"line":5},"1":{"name":"(anonymous_1)","decl":{"start":{"line":8,"column":14},"end":{"line":8,"column":15}},"loc":{"start":{"line":8,"column":20},"end":{"line":16,"column":5}},"line":8},"2":{"name":"(anonymous_2)","decl":{"start":{"line":9,"column":43},"end":{"line":9,"column":44}},"loc":{"start":{"line":9,"column":49},"end":{"line":11,"column":9}},"line":9},"3":{"name":"(anonymous_3)","decl":{"start":{"line":13,"column":42},"end":{"line":13,"column":43}},"loc":{"start":{"line":13,"column":48},"end":{"line":15,"column":9}},"line":13}},"branchMap":{},"s":{"0":1,"1":5,"2":5,"3":4,"4":0,"5":4,"6":0,"7":5},"f":{"0":5,"1":4,"2":0,"3":0},"b":{},"_coverageSchema":"1a1c01bbd47fc00a2c39e90264f33305004495a9","hash":"baf99dd571e21a0cae6dec02cb37fd07d05a8296"}
}
