TN:
SF:src\components\Body.js
FN:10,(anonymous_0)
FN:20,(anonymous_1)
FN:24,(anonymous_2)
FN:64,(anonymous_3)
FN:70,(anonymous_4)
FN:73,(anonymous_5)
FN:86,(anonymous_6)
FN:88,(anonymous_7)
FN:102,(anonymous_8)
FN:107,(anonymous_9)
FNF:10
FNH:1
FNDA:3,(anonymous_0)
FNDA:0,(anonymous_1)
FNDA:0,(anonymous_2)
FNDA:0,(anonymous_3)
FNDA:0,(anonymous_4)
FNDA:0,(anonymous_5)
FNDA:0,(anonymous_6)
FNDA:0,(anonymous_7)
FNDA:0,(anonymous_8)
FNDA:0,(anonymous_9)
DA:10,1
DA:11,3
DA:12,2
DA:14,2
DA:16,2
DA:18,2
DA:20,2
DA:21,0
DA:24,2
DA:25,0
DA:29,0
DA:31,0
DA:33,0
DA:37,0
DA:42,2
DA:44,2
DA:45,0
DA:52,2
DA:54,2
DA:65,0
DA:71,0
DA:73,0
DA:74,0
DA:77,0
DA:87,0
DA:88,0
DA:90,0
DA:102,0
DA:108,0
LF:29
LH:12
BRDA:44,0,0,0
BRDA:44,0,1,2
BRDA:54,1,0,2
BRDA:54,1,1,0
BRDA:112,2,0,0
BRDA:112,2,1,0
BRF:6
BRH:2
end_of_record
